tezt/_regressions/run_views.out

./tezos-client --mode mockup --base-dir '<masked>' --wait none originate contract register_calls transferring 0 from bootstrap1 running '
parameter unit;
storage (list address);
code {
       CDR ;
       SOURCE ;
       CONS ;
       NIL operation ;
       PAIR ;
     };
view "calls_count" unit nat { CDR ; SIZE };
view "last_caller" unit (option address) { CDR ; IF_CONS { DIP { DROP } ; SOME } { NONE address } };
' --init '{}' --burn-cap 1
Node is bootstrapped.
Estimated gas: 1428.434 units (will add 100 for safety)
Estimated storage: 409 bytes added (will add 20 for safety)
Operation successfully injected in the node.
Operation hash is 'opMEqaWvCQxSydDPwdqpsCwjnCmgiLhpouq5LovBLGCvMVpgCpk'
NOT waiting for the operation to be included.
Use command
  tezos-client wait for opMEqaWvCQxSydDPwdqpsCwjnCmgiLhpouq5LovBLGCvMVpgCpk to be included --confirmations 1 --branch BLockGenesisGenesisGenesisGenesisGenesisCCCCCeZiLHU
and/or an external block explorer to make sure that it has been included.
This sequence of operations was run:
  Manager signed operations:
    From: tz1KqTpEZ7Yob7QbPE4Hy4Wo8fHG8LhKxZSx
    Fee to the baker: ꜩ0.000532
    Expected counter: 1
    Gas limit: 1529
    Storage limit: 429 bytes
    Balance updates:
      tz1KqTpEZ7Yob7QbPE4Hy4Wo8fHG8LhKxZSx ... -ꜩ0.000532
      payload fees(the block proposer) ....... +ꜩ0.000532
    Origination:
      From: tz1KqTpEZ7Yob7QbPE4Hy4Wo8fHG8LhKxZSx
      Credit: ꜩ0
      Script:
        { parameter unit ;
          storage (list address) ;
          code { CDR ; SOURCE ; CONS ; NIL operation ; PAIR } ;
          view "calls_count" unit nat { CDR ; SIZE } ;
          view "last_caller"
               unit
               (option address)
               { CDR ; IF_CONS { DIP { DROP } ; SOME } { NONE address } } }
        Initial storage: {}
        No delegate for this contract
        This origination was successfully applied
        Originated contracts:
          KT1TLT2cXZCtenEAXzkndiAQGJXWenkwThRv
        Storage size: 152 bytes
        Paid storage size diff: 152 bytes
        Consumed gas: 1428.434
        Balance updates:
          tz1KqTpEZ7Yob7QbPE4Hy4Wo8fHG8LhKxZSx ... -ꜩ0.038
          storage fees ........................... +ꜩ0.038
          tz1KqTpEZ7Yob7QbPE4Hy4Wo8fHG8LhKxZSx ... -ꜩ0.06425
          storage fees ........................... +ꜩ0.06425

New contract KT1TLT2cXZCtenEAXzkndiAQGJXWenkwThRv originated.
Contract memorized as register_calls.

./tezos-client --mode mockup --base-dir '<masked>' --wait none originate contract check_caller transferring 0 from bootstrap1 running '
parameter address ;
storage (option address) ;
code {
       CAR ;
       DUP ;
       UNIT ;
       VIEW "calls_count" nat ;
       IF_NONE { UNIT ; FAILWITH } {} ;
       DIP {
              UNIT ;
              VIEW "last_caller" (option address) ;
           } ;
       PUSH nat 0 ;
       /* Check if the caller address is consistent with given calls count. */
       IFCMPEQ {
                 IF_NONE { UNIT ; FAILWITH } { IF_NONE {} { UNIT ; FAILWITH }} ;
                 NONE address ;
               }
               {
                 IF_NONE { UNIT ; FAILWITH } { IF_NONE { UNIT ; FAILWITH } {}} ;
                 SOME ;
               } ;
       NIL operation ;
       PAIR ;
     }
   ' --init None --burn-cap 1
Node is bootstrapped.
Estimated gas: 1450.915 units (will add 100 for safety)
Estimated storage: 465 bytes added (will add 20 for safety)
Operation successfully injected in the node.
Operation hash is 'ooToBC9P3HGdhPJ1Dhq9gdQFF79cYzJMiYXgvo86DMCMvMknJXg'
NOT waiting for the operation to be included.
Use command
  tezos-client wait for ooToBC9P3HGdhPJ1Dhq9gdQFF79cYzJMiYXgvo86DMCMvMknJXg to be included --confirmations 1 --branch BLockGenesisGenesisGenesisGenesisGenesisCCCCCeZiLHU
and/or an external block explorer to make sure that it has been included.
This sequence of operations was run:
  Manager signed operations:
    From: tz1KqTpEZ7Yob7QbPE4Hy4Wo8fHG8LhKxZSx
    Fee to the baker: ꜩ0.000591
    Expected counter: 2
    Gas limit: 1551
    Storage limit: 485 bytes
    Balance updates:
      tz1KqTpEZ7Yob7QbPE4Hy4Wo8fHG8LhKxZSx ... -ꜩ0.000591
      payload fees(the block proposer) ....... +ꜩ0.000591
    Origination:
      From: tz1KqTpEZ7Yob7QbPE4Hy4Wo8fHG8LhKxZSx
      Credit: ꜩ0
      Script:
        { parameter address ;
          storage (option address) ;
          code { CAR ;
                 DUP ;
                 UNIT ;
                 VIEW "calls_count" nat ;
                 IF_NONE { UNIT ; FAILWITH } {} ;
                 DIP { UNIT ; VIEW "last_caller" (option address) } ;
                 PUSH nat 0 ;
                 IFCMPEQ
                   { IF_NONE { UNIT ; FAILWITH } { IF_NONE {} { UNIT ; FAILWITH } } ;
                     NONE address }
                   { IF_NONE { UNIT ; FAILWITH } { IF_NONE { UNIT ; FAILWITH } {} } ;
                     SOME } ;
                 NIL operation ;
                 PAIR } }
        Initial storage: None
        No delegate for this contract
        This origination was successfully applied
        Originated contracts:
          KT1LvTWVW1cc4DeSPCseMsiPdDDkTKvMrNZb
        Storage size: 208 bytes
        Paid storage size diff: 208 bytes
        Consumed gas: 1450.915
        Balance updates:
          tz1KqTpEZ7Yob7QbPE4Hy4Wo8fHG8LhKxZSx ... -ꜩ0.052
          storage fees ........................... +ꜩ0.052
          tz1KqTpEZ7Yob7QbPE4Hy4Wo8fHG8LhKxZSx ... -ꜩ0.06425
          storage fees ........................... +ꜩ0.06425

New contract KT1LvTWVW1cc4DeSPCseMsiPdDDkTKvMrNZb originated.
Contract memorized as check_caller.

./tezos-client --mode mockup --base-dir '<masked>' --wait none transfer 1 from bootstrap1 to KT1LvTWVW1cc4DeSPCseMsiPdDDkTKvMrNZb --burn-cap 1 --arg '"KT1TLT2cXZCtenEAXzkndiAQGJXWenkwThRv"'
Node is bootstrapped.
Estimated gas: 4889.216 units (will add 100 for safety)
Estimated storage: no bytes added
Operation successfully injected in the node.
Operation hash is 'oojtq11k39FGUmXDgaoJFszmR3a8KZ1HpXyypNugb7VEv8amRKX'
NOT waiting for the operation to be included.
Use command
  tezos-client wait for oojtq11k39FGUmXDgaoJFszmR3a8KZ1HpXyypNugb7VEv8amRKX to be included --confirmations 1 --branch BLockGenesisGenesisGenesisGenesisGenesisCCCCCeZiLHU
and/or an external block explorer to make sure that it has been included.
This sequence of operations was run:
  Manager signed operations:
    From: tz1KqTpEZ7Yob7QbPE4Hy4Wo8fHG8LhKxZSx
    Fee to the baker: ꜩ0.000795
    Expected counter: 3
    Gas limit: 4990
    Storage limit: 0 bytes
    Balance updates:
      tz1KqTpEZ7Yob7QbPE4Hy4Wo8fHG8LhKxZSx ... -ꜩ0.000795
      payload fees(the block proposer) ....... +ꜩ0.000795
    Transaction:
      Amount: ꜩ1
      From: tz1KqTpEZ7Yob7QbPE4Hy4Wo8fHG8LhKxZSx
      To: KT1LvTWVW1cc4DeSPCseMsiPdDDkTKvMrNZb
      Parameter: "KT1TLT2cXZCtenEAXzkndiAQGJXWenkwThRv"
      This transaction was successfully applied
      Updated storage: None
      Storage size: 208 bytes
      Consumed gas: 4890.071
      Balance updates:
        tz1KqTpEZ7Yob7QbPE4Hy4Wo8fHG8LhKxZSx ... -ꜩ1
        KT1LvTWVW1cc4DeSPCseMsiPdDDkTKvMrNZb ... +ꜩ1


./tezos-client --mode mockup --base-dir '<masked>' --wait none transfer 1 from bootstrap1 to KT1TLT2cXZCtenEAXzkndiAQGJXWenkwThRv --burn-cap 1
Node is bootstrapped.
Estimated gas: 2068.334 units (will add 100 for safety)
Estimated storage: 27 bytes added (will add 20 for safety)
Operation successfully injected in the node.
Operation hash is 'ont8dBoUoexyjc6TFAWPjK4vYwyYHPqY6aoQkuEqs2Y9PjAbLzQ'
NOT waiting for the operation to be included.
Use command
  tezos-client wait for ont8dBoUoexyjc6TFAWPjK4vYwyYHPqY6aoQkuEqs2Y9PjAbLzQ to be included --confirmations 1 --branch BLockGenesisGenesisGenesisGenesisGenesisCCCCCeZiLHU
and/or an external block explorer to make sure that it has been included.
This sequence of operations was run:
  Manager signed operations:
    From: tz1KqTpEZ7Yob7QbPE4Hy4Wo8fHG8LhKxZSx
    Fee to the baker: ꜩ0.000467
    Expected counter: 4
    Gas limit: 2169
    Storage limit: 47 bytes
    Balance updates:
      tz1KqTpEZ7Yob7QbPE4Hy4Wo8fHG8LhKxZSx ... -ꜩ0.000467
      payload fees(the block proposer) ....... +ꜩ0.000467
    Transaction:
      Amount: ꜩ1
      From: tz1KqTpEZ7Yob7QbPE4Hy4Wo8fHG8LhKxZSx
      To: KT1TLT2cXZCtenEAXzkndiAQGJXWenkwThRv
      This transaction was successfully applied
      Updated storage: { 0x000002298c03ed7d454a101eb7022bc95f7e5f41ac78 }
      Storage size: 179 bytes
      Paid storage size diff: 27 bytes
      Consumed gas: 2069.246
      Balance updates:
        tz1KqTpEZ7Yob7QbPE4Hy4Wo8fHG8LhKxZSx ... -ꜩ0.00675
        storage fees ........................... +ꜩ0.00675
        tz1KqTpEZ7Yob7QbPE4Hy4Wo8fHG8LhKxZSx ... -ꜩ1
        KT1TLT2cXZCtenEAXzkndiAQGJXWenkwThRv ... +ꜩ1


./tezos-client --mode mockup --base-dir '<masked>' --wait none transfer 1 from bootstrap1 to KT1LvTWVW1cc4DeSPCseMsiPdDDkTKvMrNZb --burn-cap 1 --arg '"KT1TLT2cXZCtenEAXzkndiAQGJXWenkwThRv"'
Node is bootstrapped.
Estimated gas: 6202.223 units (will add 100 for safety)
Estimated storage: 27 bytes added (will add 20 for safety)
Operation successfully injected in the node.
Operation hash is 'op1PhWsxbD9bQhMMaVh3niGKnyzydLMDtvUv9cT2CpUPncdEYTe'
NOT waiting for the operation to be included.
Use command
  tezos-client wait for op1PhWsxbD9bQhMMaVh3niGKnyzydLMDtvUv9cT2CpUPncdEYTe to be included --confirmations 1 --branch BLockGenesisGenesisGenesisGenesisGenesisCCCCCeZiLHU
and/or an external block explorer to make sure that it has been included.
This sequence of operations was run:
  Manager signed operations:
    From: tz1KqTpEZ7Yob7QbPE4Hy4Wo8fHG8LhKxZSx
    Fee to the baker: ꜩ0.000927
    Expected counter: 5
    Gas limit: 6303
    Storage limit: 47 bytes
    Balance updates:
      tz1KqTpEZ7Yob7QbPE4Hy4Wo8fHG8LhKxZSx ... -ꜩ0.000927
      payload fees(the block proposer) ....... +ꜩ0.000927
    Transaction:
      Amount: ꜩ1
      From: tz1KqTpEZ7Yob7QbPE4Hy4Wo8fHG8LhKxZSx
      To: KT1LvTWVW1cc4DeSPCseMsiPdDDkTKvMrNZb
      Parameter: "KT1TLT2cXZCtenEAXzkndiAQGJXWenkwThRv"
      This transaction was successfully applied
      Updated storage: (Some 0x000002298c03ed7d454a101eb7022bc95f7e5f41ac78)
      Storage size: 235 bytes
      Paid storage size diff: 27 bytes
      Consumed gas: 6203.078
      Balance updates:
        tz1KqTpEZ7Yob7QbPE4Hy4Wo8fHG8LhKxZSx ... -ꜩ0.00675
        storage fees ........................... +ꜩ0.00675
        tz1KqTpEZ7Yob7QbPE4Hy4Wo8fHG8LhKxZSx ... -ꜩ1
        KT1LvTWVW1cc4DeSPCseMsiPdDDkTKvMrNZb ... +ꜩ1

